[
  {
    "file": "src\\Components\\diplomados\\HeroSection.jsx",
    "changes": [
      {
        "from": "\"/video/2.mp4\"",
        "to": "\"https://res.cloudinary.com/dcfjvxt5h/video/upload/v1765231165/vectux-academy/video/2.mp4\""
      }
    ]
  },
  {
    "file": "src\\Components\\programs\\HeroSection.jsx",
    "changes": [
      {
        "from": "\"/video/2.mp4\"",
        "to": "\"https://res.cloudinary.com/dcfjvxt5h/video/upload/v1765231165/vectux-academy/video/2.mp4\""
      }
    ]
  }
]